09:33:06.984 [main] DEBUG io.netty.buffer.ByteBufUtil - -Dio.netty.maxThreadLocalCharBufferSize: 16384
09:33:08.119 [Forwarding newSession on session null to remote] DEBUG io.netty.channel.DefaultChannelId - -Dio.netty.processId: 14692 (auto-detected)
09:33:08.124 [Forwarding newSession on session null to remote] DEBUG io.netty.util.NetUtil - -Djava.net.preferIPv4Stack: false
09:33:08.124 [Forwarding newSession on session null to remote] DEBUG io.netty.util.NetUtil - -Djava.net.preferIPv6Addresses: false
09:33:08.142 [Forwarding newSession on session null to remote] DEBUG io.netty.util.NetUtilInitializations - Loopback interface: lo (Software Loopback Interface 1, 127.0.0.1)
09:33:08.145 [Forwarding newSession on session null to remote] DEBUG io.netty.util.NetUtil - Failed to get SOMAXCONN from sysctl and file \proc\sys\net\core\somaxconn. Default: 200
09:33:08.188 [Forwarding newSession on session null to remote] DEBUG io.netty.channel.DefaultChannelId - -Dio.netty.machineId: e8:9e:b4:ff:fe:33:a3:eb (auto-detected)
09:33:08.271 [AsyncHttpClient-1-2] DEBUG io.netty.buffer.AbstractByteBuf - -Dio.netty.buffer.checkAccessible: true
09:33:08.271 [AsyncHttpClient-1-2] DEBUG io.netty.buffer.AbstractByteBuf - -Dio.netty.buffer.checkBounds: true
09:33:08.272 [AsyncHttpClient-1-2] DEBUG io.netty.util.ResourceLeakDetectorFactory - Loaded default ResourceLeakDetector: io.netty.util.ResourceLeakDetector@315fe9ae
09:33:08.310 [AsyncHttpClient-1-2] DEBUG io.netty.util.Recycler - -Dio.netty.recycler.maxCapacityPerThread: 4096
09:33:08.310 [AsyncHttpClient-1-2] DEBUG io.netty.util.Recycler - -Dio.netty.recycler.maxSharedCapacityFactor: 2
09:33:08.310 [AsyncHttpClient-1-2] DEBUG io.netty.util.Recycler - -Dio.netty.recycler.linkCapacity: 16
09:33:08.311 [AsyncHttpClient-1-2] DEBUG io.netty.util.Recycler - -Dio.netty.recycler.ratio: 8
09:33:08.311 [AsyncHttpClient-1-2] DEBUG io.netty.util.Recycler - -Dio.netty.recycler.delayedQueue.ratio: 8
09:33:09.234 [main] DEBUG io.netty.util.internal.ThreadLocalRandom - -Dio.netty.initialSeedUniquifier: 0x0c79e3cefb84b3c2
09:33:09.275 [main] INFO  testCases.TC_001_AccountRegistration - Chrome Browser lunched
09:33:09.306 [main] INFO  testCases.TC_001_AccountRegistration - Starting TC_001_AccountRegistration
09:33:12.868 [main] INFO  testCases.TC_001_AccountRegistration - Clicked Myaccount
09:33:13.589 [main] INFO  testCases.TC_001_AccountRegistration - clicked on registration
09:33:13.716 [main] INFO  testCases.TC_001_AccountRegistration - Provided the first name
09:33:13.832 [main] INFO  testCases.TC_001_AccountRegistration - Provided the last name
09:33:13.993 [main] INFO  testCases.TC_001_AccountRegistration - Provided the gmail
09:33:14.131 [main] INFO  testCases.TC_001_AccountRegistration - Provided the phone number
09:33:14.225 [main] INFO  testCases.TC_001_AccountRegistration - Provided the password
09:33:14.307 [main] INFO  testCases.TC_001_AccountRegistration - Provided the confirmation password
09:33:14.367 [main] INFO  testCases.TC_001_AccountRegistration - Accept the privacy policy
09:33:15.174 [main] INFO  testCases.TC_001_AccountRegistration - clicked on continue button to get the confiramtion msg
09:33:15.206 [main] INFO  testCases.TC_001_AccountRegistration - Account registration passed
09:33:15.208 [main] INFO  testCases.TC_001_AccountRegistration - Finished  TC_001_AccountRegistration
