09:31:35.537 [main] DEBUG io.netty.buffer.ByteBufUtil - -Dio.netty.maxThreadLocalCharBufferSize: 16384
09:31:36.504 [Forwarding newSession on session null to remote] DEBUG io.netty.channel.DefaultChannelId - -Dio.netty.processId: 9772 (auto-detected)
09:31:36.507 [Forwarding newSession on session null to remote] DEBUG io.netty.util.NetUtil - -Djava.net.preferIPv4Stack: false
09:31:36.507 [Forwarding newSession on session null to remote] DEBUG io.netty.util.NetUtil - -Djava.net.preferIPv6Addresses: false
09:31:36.516 [Forwarding newSession on session null to remote] DEBUG io.netty.util.NetUtilInitializations - Loopback interface: lo (Software Loopback Interface 1, 127.0.0.1)
09:31:36.517 [Forwarding newSession on session null to remote] DEBUG io.netty.util.NetUtil - Failed to get SOMAXCONN from sysctl and file \proc\sys\net\core\somaxconn. Default: 200
09:31:36.546 [Forwarding newSession on session null to remote] DEBUG io.netty.channel.DefaultChannelId - -Dio.netty.machineId: e8:9e:b4:ff:fe:33:a3:eb (auto-detected)
09:31:36.599 [AsyncHttpClient-1-2] DEBUG io.netty.buffer.AbstractByteBuf - -Dio.netty.buffer.checkAccessible: true
09:31:36.600 [AsyncHttpClient-1-2] DEBUG io.netty.buffer.AbstractByteBuf - -Dio.netty.buffer.checkBounds: true
09:31:36.600 [AsyncHttpClient-1-2] DEBUG io.netty.util.ResourceLeakDetectorFactory - Loaded default ResourceLeakDetector: io.netty.util.ResourceLeakDetector@24922583
09:31:36.629 [AsyncHttpClient-1-2] DEBUG io.netty.util.Recycler - -Dio.netty.recycler.maxCapacityPerThread: 4096
09:31:36.629 [AsyncHttpClient-1-2] DEBUG io.netty.util.Recycler - -Dio.netty.recycler.maxSharedCapacityFactor: 2
09:31:36.629 [AsyncHttpClient-1-2] DEBUG io.netty.util.Recycler - -Dio.netty.recycler.linkCapacity: 16
09:31:36.629 [AsyncHttpClient-1-2] DEBUG io.netty.util.Recycler - -Dio.netty.recycler.ratio: 8
09:31:36.629 [AsyncHttpClient-1-2] DEBUG io.netty.util.Recycler - -Dio.netty.recycler.delayedQueue.ratio: 8
09:31:37.567 [main] DEBUG io.netty.util.internal.ThreadLocalRandom - -Dio.netty.initialSeedUniquifier: 0xf98cdfd5e6b0622a
09:31:37.612 [main] INFO  testCases.TC_001_AccountRegistration - Chrome Browser lunched
09:31:37.639 [main] INFO  testCases.TC_001_AccountRegistration - Starting TC_001_AccountRegistration
09:31:41.109 [main] INFO  testCases.TC_001_AccountRegistration - Clicked Myaccount
09:31:41.768 [main] INFO  testCases.TC_001_AccountRegistration - clicked on registration
09:31:41.903 [main] INFO  testCases.TC_001_AccountRegistration - Provided the first name
09:31:42.011 [main] INFO  testCases.TC_001_AccountRegistration - Provided the last name
09:31:42.160 [main] INFO  testCases.TC_001_AccountRegistration - Provided the gmail
09:31:42.294 [main] INFO  testCases.TC_001_AccountRegistration - Provided the phone number
09:31:42.411 [main] INFO  testCases.TC_001_AccountRegistration - Provided the password
09:31:42.533 [main] INFO  testCases.TC_001_AccountRegistration - Provided the confirmation password
09:31:42.693 [main] INFO  testCases.TC_001_AccountRegistration - Accept the privacy policy
09:31:43.719 [main] INFO  testCases.TC_001_AccountRegistration - clicked on continue button to get the confiramtion msg
09:31:43.777 [main] INFO  testCases.TC_001_AccountRegistration - Account registration failed
09:31:45.983 [main] INFO  testCases.TC_002_Login - Chrome Browser lunched
09:31:45.993 [main] INFO  testCases.TC_002_Login -  Starting TC_002_Login 
09:31:49.869 [main] INFO  testCases.TC_002_Login - Home Page Displayed 
09:31:51.096 [main] INFO  testCases.TC_002_Login - Clicked on My Account 
09:31:51.640 [main] INFO  testCases.TC_002_Login - Clicked on Login 
09:31:51.807 [main] INFO  testCases.TC_002_Login - Provided Email 
09:31:51.975 [main] INFO  testCases.TC_002_Login - Provided Password 
09:31:52.868 [main] INFO  testCases.TC_002_Login - Clicked on Login
09:31:52.926 [main] INFO  testCases.TC_002_Login - Login Success 
09:31:52.929 [main] INFO  testCases.TC_002_Login -  Finished TC_002_Login 
09:33:06.514 [main] DEBUG io.netty.util.internal.logging.InternalLoggerFactory - Using Log4J2 as the default logging framework
09:33:06.533 [main] DEBUG io.netty.util.ResourceLeakDetector - -Dio.netty.leakDetection.level: simple
09:33:06.533 [main] DEBUG io.netty.util.ResourceLeakDetector - -Dio.netty.leakDetection.targetRecords: 4
09:33:06.542 [main] DEBUG io.netty.util.ResourceLeakDetectorFactory - Loaded default ResourceLeakDetector: io.netty.util.ResourceLeakDetector@7c84195
09:33:06.575 [main] DEBUG io.netty.util.internal.PlatformDependent - Platform: Windows
09:33:06.578 [main] DEBUG io.netty.util.internal.PlatformDependent0 - -Dio.netty.noUnsafe: false
09:33:06.578 [main] DEBUG io.netty.util.internal.PlatformDependent0 - Java version: 15
09:33:06.580 [main] DEBUG io.netty.util.internal.PlatformDependent0 - sun.misc.Unsafe.theUnsafe: available
09:33:06.581 [main] DEBUG io.netty.util.internal.PlatformDependent0 - sun.misc.Unsafe.copyMemory: available
